TN:
SF:__test__\express.mts
FN:9,(anonymous_4)
FN:14,(anonymous_5)
FN:26,(anonymous_6)
FNF:3
FNH:3
FNDA:9,(anonymous_4)
FNDA:9,(anonymous_5)
FNDA:9,(anonymous_6)
DA:9,9
DA:14,9
DA:15,9
DA:16,9
DA:17,9
DA:18,9
DA:20,9
DA:26,9
DA:27,9
LF:9
LH:9
BRDA:9,0,0,1
BRDA:14,1,0,9
BRF:2
BRH:2
end_of_record
TN:
SF:src\handlers\facebook\handleVerification\index.mts
FN:6,(anonymous_1)
FNF:1
FNH:1
FNDA:3,(anonymous_1)
DA:3,1
DA:4,1
DA:6,3
DA:7,3
DA:8,3
DA:9,1
DA:10,1
DA:12,2
DA:14,2
DA:15,2
DA:16,1
DA:17,1
DA:20,1
LF:13
LH:13
BRDA:8,0,0,1
BRDA:8,0,1,2
BRDA:15,1,0,1
BRDA:15,1,1,1
BRF:4
BRH:4
end_of_record
TN:
SF:src\handlers\facebook\handleVerification\validateRequest.mts
FN:13,(anonymous_2)
FNF:1
FNH:1
FNDA:2,(anonymous_2)
DA:2,1
DA:3,1
DA:7,1
DA:13,2
DA:14,2
DA:15,2
DA:16,1
DA:18,1
LF:8
LH:8
BRDA:15,0,0,1
BRDA:15,0,1,1
BRF:2
BRH:2
end_of_record
TN:
SF:src\interactors\facebook\verify.mts
FN:11,(anonymous_1)
FNF:1
FNH:1
FNDA:1,(anonymous_1)
DA:2,1
DA:6,1
DA:7,1
DA:8,0
DA:11,1
DA:12,1
DA:13,1
DA:15,0
LF:8
LH:6
BRDA:7,0,0,0
BRDA:7,0,1,1
BRDA:12,1,0,1
BRDA:12,1,1,0
BRF:4
BRH:2
end_of_record
TN:
SF:src\lib\createSHA256Hash.mts
FN:9,(anonymous_2)
FNF:1
FNH:1
FNDA:1,(anonymous_2)
DA:2,1
DA:4,1
DA:5,1
DA:6,0
DA:9,1
DA:10,1
LF:6
LH:5
BRDA:5,0,0,0
BRDA:5,0,1,1
BRF:2
BRH:1
end_of_record
TN:
SF:src\lib\getName.mts
FN:1,(anonymous_1)
FNF:1
FNH:1
FNDA:11,(anonymous_1)
DA:1,11
DA:3,11
DA:4,7
DA:7,4
DA:8,4
DA:9,4
DA:10,2
DA:13,2
LF:8
LH:8
BRDA:3,0,0,7
BRDA:3,0,1,4
BRDA:3,1,0,11
BRDA:3,1,1,8
BRDA:9,2,0,2
BRDA:9,2,1,2
BRF:6
BRH:6
end_of_record
TN:
SF:src\lib\invalidCountry.mts
FN:3,(anonymous_1)
FNF:1
FNH:0
FNDA:0,(anonymous_1)
DA:1,1
DA:3,1
DA:4,0
LF:3
LH:2
BRDA:4,0,0,0
BRDA:4,0,1,0
BRF:2
BRH:0
end_of_record
TN:
SF:src\lib\isBot.mts
FN:8,(anonymous_1)
FNF:1
FNH:1
FNDA:1,(anonymous_1)
DA:1,1
DA:2,1
DA:8,1
DA:9,1
DA:10,4
DA:11,0
DA:13,4
DA:14,0
DA:15,0
DA:21,1
DA:22,0
DA:25,1
DA:26,1
DA:28,0
DA:29,0
DA:31,0
DA:33,0
DA:34,0
DA:36,0
DA:37,0
DA:40,0
DA:42,0
DA:43,0
DA:45,0
DA:46,0
DA:50,0
LF:26
LH:9
BRDA:10,0,0,0
BRDA:10,0,1,4
BRDA:13,1,0,0
BRDA:13,1,1,4
BRDA:14,2,0,0
BRDA:14,2,1,0
BRDA:21,3,0,0
BRDA:21,3,1,1
BRDA:21,4,0,1
BRDA:21,4,1,1
BRDA:21,4,2,1
BRDA:25,5,0,1
BRDA:25,5,1,0
BRDA:25,6,0,1
BRDA:25,6,1,1
BRDA:25,6,2,1
BRDA:25,6,3,1
BRDA:28,7,0,0
BRDA:28,7,1,0
BRDA:31,8,0,0
BRDA:31,8,1,0
BRDA:33,9,0,0
BRDA:33,9,1,0
BRDA:36,10,0,0
BRDA:36,10,1,0
BRDA:40,11,0,0
BRDA:40,11,1,0
BRDA:42,12,0,0
BRDA:42,12,1,0
BRDA:45,13,0,0
BRDA:45,13,1,0
BRF:31
BRH:11
end_of_record
TN:
SF:src\lib\isGibberish.mts
FN:1,(anonymous_1)
FN:66,(anonymous_2)
FN:74,(anonymous_3)
FNF:3
FNH:3
FNDA:6,(anonymous_1)
FNDA:4,(anonymous_2)
FNDA:2,(anonymous_3)
DA:1,6
DA:3,6
DA:4,6
DA:5,6
DA:8,6
DA:9,3
DA:11,3
DA:12,1
DA:16,2
DA:17,2
DA:19,2
DA:20,2
DA:23,2
DA:24,2
DA:25,44
DA:26,44
DA:27,44
DA:28,22
DA:31,2
DA:34,2
DA:35,2
DA:36,2
DA:37,46
DA:38,8
DA:40,38
DA:41,38
DA:42,17
DA:48,2
DA:49,2
DA:50,0
DA:54,2
DA:55,2
DA:56,2
DA:57,2
DA:58,2
DA:59,2
DA:61,2
DA:64,2
DA:66,2
DA:67,4
DA:68,4
DA:69,92
DA:71,4
DA:74,2
DA:75,2
DA:77,2
DA:78,2
DA:80,2
DA:83,2
DA:84,0
DA:86,2
DA:87,0
DA:88,2
DA:89,0
DA:93,2
DA:94,2
DA:95,2
DA:96,0
DA:98,2
DA:99,0
DA:100,2
DA:101,2
DA:106,2
DA:107,0
DA:110,2
LF:65
LH:58
BRDA:3,0,0,6
BRDA:3,0,1,0
BRDA:5,1,0,6
BRDA:5,1,1,0
BRDA:8,2,0,3
BRDA:8,2,1,3
BRDA:11,3,0,1
BRDA:11,3,1,2
BRDA:16,4,0,2
BRDA:16,4,1,0
BRDA:17,5,0,2
BRDA:17,5,1,0
BRDA:27,6,0,22
BRDA:27,6,1,22
BRDA:37,7,0,8
BRDA:37,7,1,38
BRDA:41,8,0,17
BRDA:41,8,1,21
BRDA:49,9,0,0
BRDA:49,9,1,2
BRDA:55,10,0,2
BRDA:55,10,1,0
BRDA:55,11,0,2
BRDA:55,11,1,2
BRDA:56,12,0,2
BRDA:56,12,1,0
BRDA:57,13,0,2
BRDA:57,13,1,0
BRDA:58,14,0,2
BRDA:58,14,1,0
BRDA:69,15,0,92
BRDA:69,15,1,0
BRDA:83,16,0,0
BRDA:83,16,1,2
BRDA:86,17,0,0
BRDA:86,17,1,2
BRDA:88,18,0,0
BRDA:88,18,1,2
BRDA:95,19,0,0
BRDA:95,19,1,2
BRDA:98,20,0,0
BRDA:98,20,1,2
BRDA:100,21,0,2
BRDA:100,21,1,0
BRDA:106,22,0,0
BRDA:106,22,1,2
BRF:46
BRH:29
end_of_record
TN:
SF:src\lib\verifySignature.mts
FN:6,(anonymous_1)
FNF:1
FNH:1
FNDA:2,(anonymous_1)
DA:2,1
DA:4,1
DA:6,2
DA:7,2
DA:9,2
DA:10,1
DA:13,1
LF:7
LH:7
BRDA:9,0,0,1
BRDA:9,0,1,1
BRF:2
BRH:2
end_of_record
TN:
SF:src\middleware\verifyFBSignature.mts
FN:5,(anonymous_1)
FNF:1
FNH:1
FNDA:6,(anonymous_1)
DA:3,1
DA:5,6
DA:6,6
DA:7,0
DA:8,0
DA:11,6
DA:12,0
DA:13,0
DA:16,6
DA:18,6
DA:19,1
DA:20,1
DA:23,5
DA:24,1
DA:25,1
DA:28,4
DA:30,4
DA:31,1
DA:32,1
DA:35,3
DA:37,3
DA:38,1
DA:39,1
DA:42,2
DA:44,2
DA:45,1
DA:46,1
DA:49,1
LF:28
LH:24
BRDA:6,0,0,0
BRDA:6,0,1,6
BRDA:11,1,0,0
BRDA:11,1,1,6
BRDA:18,2,0,1
BRDA:18,2,1,5
BRDA:23,3,0,1
BRDA:23,3,1,4
BRDA:30,4,0,1
BRDA:30,4,1,3
BRDA:30,5,0,4
BRDA:30,5,1,3
BRDA:37,6,0,1
BRDA:37,6,1,2
BRDA:44,7,0,1
BRDA:44,7,1,1
BRF:16
BRH:14
end_of_record
